Analysis & Synthesis report for pipelineCycle
Thu Dec 25 14:45:25 2025
Quartus II 64-Bit Version 13.1.0 Build 162 10/23/2013 SJ Web Edition


---------------------
; Table of Contents ;
---------------------
  1. Legal Notice
  2. Analysis & Synthesis Summary
  3. Analysis & Synthesis Settings
  4. Parallel Compilation
  5. Analysis & Synthesis Source Files Read
  6. Analysis & Synthesis Resource Usage Summary
  7. Analysis & Synthesis Resource Utilization by Entity
  8. Registers Removed During Synthesis
  9. Removed Registers Triggering Further Register Optimizations
 10. General Register Statistics
 11. Multiplexer Restructuring Statistics (Restructuring Performed)
 12. Elapsed Time Per Partition
 13. Analysis & Synthesis Messages



----------------
; Legal Notice ;
----------------
Copyright (C) 1991-2013 Altera Corporation
Your use of Altera Corporation's design tools, logic functions 
and other software and tools, and its AMPP partner logic 
functions, and any output files from any of the foregoing 
(including device programming or simulation files), and any 
associated documentation or information are expressly subject 
to the terms and conditions of the Altera Program License 
Subscription Agreement, Altera MegaCore Function License 
Agreement, or other applicable license agreement, including, 
without limitation, that your use is for the sole purpose of 
programming logic devices manufactured by Altera and sold by 
Altera or its authorized distributors.  Please refer to the 
applicable agreement for further details.



+---------------------------------------------------------------------------------+
; Analysis & Synthesis Summary                                                    ;
+------------------------------------+--------------------------------------------+
; Analysis & Synthesis Status        ; Successful - Thu Dec 25 14:45:25 2025      ;
; Quartus II 64-Bit Version          ; 13.1.0 Build 162 10/23/2013 SJ Web Edition ;
; Revision Name                      ; pipelineCycle                              ;
; Top-level Entity Name              ; pipelineCycle                              ;
; Family                             ; Cyclone IV GX                              ;
; Total logic elements               ; 364                                        ;
;     Total combinational functions  ; 237                                        ;
;     Dedicated logic registers      ; 227                                        ;
; Total registers                    ; 227                                        ;
; Total pins                         ; 66                                         ;
; Total virtual pins                 ; 0                                          ;
; Total memory bits                  ; 0                                          ;
; Embedded Multiplier 9-bit elements ; 0                                          ;
; Total GXB Receiver Channel PCS     ; 0                                          ;
; Total GXB Receiver Channel PMA     ; 0                                          ;
; Total GXB Transmitter Channel PCS  ; 0                                          ;
; Total GXB Transmitter Channel PMA  ; 0                                          ;
; Total PLLs                         ; 0                                          ;
+------------------------------------+--------------------------------------------+


+----------------------------------------------------------------------------------------------------------------------+
; Analysis & Synthesis Settings                                                                                        ;
+----------------------------------------------------------------------------+--------------------+--------------------+
; Option                                                                     ; Setting            ; Default Value      ;
+----------------------------------------------------------------------------+--------------------+--------------------+
; Top-level entity name                                                      ; pipelineCycle      ; pipelineCycle      ;
; Family name                                                                ; Cyclone IV GX      ; Cyclone IV GX      ;
; Use smart compilation                                                      ; Off                ; Off                ;
; Enable parallel Assembler and TimeQuest Timing Analyzer during compilation ; On                 ; On                 ;
; Enable compact report table                                                ; Off                ; Off                ;
; Restructure Multiplexers                                                   ; Auto               ; Auto               ;
; Create Debugging Nodes for IP Cores                                        ; Off                ; Off                ;
; Preserve fewer node names                                                  ; On                 ; On                 ;
; Disable OpenCore Plus hardware evaluation                                  ; Off                ; Off                ;
; Verilog Version                                                            ; Verilog_2001       ; Verilog_2001       ;
; VHDL Version                                                               ; VHDL_1993          ; VHDL_1993          ;
; State Machine Processing                                                   ; Auto               ; Auto               ;
; Safe State Machine                                                         ; Off                ; Off                ;
; Extract Verilog State Machines                                             ; On                 ; On                 ;
; Extract VHDL State Machines                                                ; On                 ; On                 ;
; Ignore Verilog initial constructs                                          ; Off                ; Off                ;
; Iteration limit for constant Verilog loops                                 ; 5000               ; 5000               ;
; Iteration limit for non-constant Verilog loops                             ; 250                ; 250                ;
; Add Pass-Through Logic to Inferred RAMs                                    ; On                 ; On                 ;
; Infer RAMs from Raw Logic                                                  ; On                 ; On                 ;
; Parallel Synthesis                                                         ; On                 ; On                 ;
; DSP Block Balancing                                                        ; Auto               ; Auto               ;
; NOT Gate Push-Back                                                         ; On                 ; On                 ;
; Power-Up Don't Care                                                        ; On                 ; On                 ;
; Remove Redundant Logic Cells                                               ; Off                ; Off                ;
; Remove Duplicate Registers                                                 ; On                 ; On                 ;
; Ignore CARRY Buffers                                                       ; Off                ; Off                ;
; Ignore CASCADE Buffers                                                     ; Off                ; Off                ;
; Ignore GLOBAL Buffers                                                      ; Off                ; Off                ;
; Ignore ROW GLOBAL Buffers                                                  ; Off                ; Off                ;
; Ignore LCELL Buffers                                                       ; Off                ; Off                ;
; Ignore SOFT Buffers                                                        ; On                 ; On                 ;
; Limit AHDL Integers to 32 Bits                                             ; Off                ; Off                ;
; Optimization Technique                                                     ; Balanced           ; Balanced           ;
; Carry Chain Length                                                         ; 70                 ; 70                 ;
; Auto Carry Chains                                                          ; On                 ; On                 ;
; Auto Open-Drain Pins                                                       ; On                 ; On                 ;
; Perform WYSIWYG Primitive Resynthesis                                      ; Off                ; Off                ;
; Auto ROM Replacement                                                       ; On                 ; On                 ;
; Auto RAM Replacement                                                       ; On                 ; On                 ;
; Auto DSP Block Replacement                                                 ; On                 ; On                 ;
; Auto Shift Register Replacement                                            ; Auto               ; Auto               ;
; Allow Shift Register Merging across Hierarchies                            ; Auto               ; Auto               ;
; Auto Clock Enable Replacement                                              ; On                 ; On                 ;
; Strict RAM Replacement                                                     ; Off                ; Off                ;
; Allow Synchronous Control Signals                                          ; On                 ; On                 ;
; Force Use of Synchronous Clear Signals                                     ; Off                ; Off                ;
; Auto RAM Block Balancing                                                   ; On                 ; On                 ;
; Auto RAM to Logic Cell Conversion                                          ; Off                ; Off                ;
; Auto Resource Sharing                                                      ; Off                ; Off                ;
; Allow Any RAM Size For Recognition                                         ; Off                ; Off                ;
; Allow Any ROM Size For Recognition                                         ; Off                ; Off                ;
; Allow Any Shift Register Size For Recognition                              ; Off                ; Off                ;
; Use LogicLock Constraints during Resource Balancing                        ; On                 ; On                 ;
; Ignore translate_off and synthesis_off directives                          ; Off                ; Off                ;
; Timing-Driven Synthesis                                                    ; On                 ; On                 ;
; Report Parameter Settings                                                  ; On                 ; On                 ;
; Report Source Assignments                                                  ; On                 ; On                 ;
; Report Connectivity Checks                                                 ; On                 ; On                 ;
; Ignore Maximum Fan-Out Assignments                                         ; Off                ; Off                ;
; Synchronization Register Chain Length                                      ; 2                  ; 2                  ;
; PowerPlay Power Optimization                                               ; Normal compilation ; Normal compilation ;
; HDL message level                                                          ; Level2             ; Level2             ;
; Suppress Register Optimization Related Messages                            ; Off                ; Off                ;
; Number of Removed Registers Reported in Synthesis Report                   ; 5000               ; 5000               ;
; Number of Swept Nodes Reported in Synthesis Report                         ; 5000               ; 5000               ;
; Number of Inverted Registers Reported in Synthesis Report                  ; 100                ; 100                ;
; Clock MUX Protection                                                       ; On                 ; On                 ;
; Auto Gated Clock Conversion                                                ; Off                ; Off                ;
; Block Design Naming                                                        ; Auto               ; Auto               ;
; SDC constraint protection                                                  ; Off                ; Off                ;
; Synthesis Effort                                                           ; Auto               ; Auto               ;
; Shift Register Replacement - Allow Asynchronous Clear Signal               ; On                 ; On                 ;
; Pre-Mapping Resynthesis Optimization                                       ; Off                ; Off                ;
; Analysis & Synthesis Message Level                                         ; Medium             ; Medium             ;
; Disable Register Merging Across Hierarchies                                ; Auto               ; Auto               ;
; Resource Aware Inference For Block RAM                                     ; On                 ; On                 ;
; Synthesis Seed                                                             ; 1                  ; 1                  ;
+----------------------------------------------------------------------------+--------------------+--------------------+


Parallel compilation was disabled, but you have multiple processors available. Enable parallel compilation to reduce compilation time.
+-------------------------------------+
; Parallel Compilation                ;
+----------------------------+--------+
; Processors                 ; Number ;
+----------------------------+--------+
; Number detected on machine ; 28     ;
; Maximum allowed            ; 1      ;
+----------------------------+--------+


+-----------------------------------------------------------------------------------------------------------------------------------------------------------------------+
; Analysis & Synthesis Source Files Read                                                                                                                                ;
+----------------------------------+-----------------+------------------------------------+-------------------------------------------------------------------+---------+
; File Name with User-Entered Path ; Used in Netlist ; File Type                          ; File Name with Absolute Path                                      ; Library ;
+----------------------------------+-----------------+------------------------------------+-------------------------------------------------------------------+---------+
; sign_extend.v                    ; yes             ; User Verilog HDL File              ; D:/CSE/7th_term/Arch/arch_project/pipe_cycle/sign_extend.v        ;         ;
; register_block.v                 ; yes             ; User Verilog HDL File              ; D:/CSE/7th_term/Arch/arch_project/pipe_cycle/register_block.v     ;         ;
; program_counter.v                ; yes             ; User Verilog HDL File              ; D:/CSE/7th_term/Arch/arch_project/pipe_cycle/program_counter.v    ;         ;
; mux3.v                           ; yes             ; User Verilog HDL File              ; D:/CSE/7th_term/Arch/arch_project/pipe_cycle/mux3.v               ;         ;
; mux16.v                          ; yes             ; User Verilog HDL File              ; D:/CSE/7th_term/Arch/arch_project/pipe_cycle/mux16.v              ;         ;
; instruction_memory.v             ; yes             ; User Verilog HDL File              ; D:/CSE/7th_term/Arch/arch_project/pipe_cycle/instruction_memory.v ;         ;
; data_memory.v                    ; yes             ; User Verilog HDL File              ; D:/CSE/7th_term/Arch/arch_project/pipe_cycle/data_memory.v        ;         ;
; control_unit.v                   ; yes             ; User Verilog HDL File              ; D:/CSE/7th_term/Arch/arch_project/pipe_cycle/control_unit.v       ;         ;
; alu_control.v                    ; yes             ; User Verilog HDL File              ; D:/CSE/7th_term/Arch/arch_project/pipe_cycle/alu_control.v        ;         ;
; alu.v                            ; yes             ; User Verilog HDL File              ; D:/CSE/7th_term/Arch/arch_project/pipe_cycle/alu.v                ;         ;
; adder.v                          ; yes             ; User Verilog HDL File              ; D:/CSE/7th_term/Arch/arch_project/pipe_cycle/adder.v              ;         ;
; IF_ID.v                          ; yes             ; User Verilog HDL File              ; D:/CSE/7th_term/Arch/arch_project/pipe_cycle/IF_ID.v              ;         ;
; ID_EX.v                          ; yes             ; User Verilog HDL File              ; D:/CSE/7th_term/Arch/arch_project/pipe_cycle/ID_EX.v              ;         ;
; EX_MEM.v                         ; yes             ; User Verilog HDL File              ; D:/CSE/7th_term/Arch/arch_project/pipe_cycle/EX_MEM.v             ;         ;
; MEM_WB.v                         ; yes             ; User Verilog HDL File              ; D:/CSE/7th_term/Arch/arch_project/pipe_cycle/MEM_WB.v             ;         ;
; pipelineCycle.bdf                ; yes             ; User Block Diagram/Schematic File  ; D:/CSE/7th_term/Arch/arch_project/pipe_cycle/pipelineCycle.bdf    ;         ;
+----------------------------------+-----------------+------------------------------------+-------------------------------------------------------------------+---------+


+---------------------------------------------+
; Analysis & Synthesis Resource Usage Summary ;
+--------------------------+------------------+
; Resource                 ; Usage            ;
+--------------------------+------------------+
; I/O pins                 ; 66               ;
; DSP block 9-bit elements ; 0                ;
; Maximum fan-out node     ; clk~input        ;
; Maximum fan-out          ; 227              ;
; Total fan-out            ; 1730             ;
; Average fan-out          ; 2.90             ;
+--------------------------+------------------+


+----------------------------------------------------------------------------------------------------------------------------------------------------------------------------------------------------------------+
; Analysis & Synthesis Resource Utilization by Entity                                                                                                                                                            ;
+-------------------------------+-------------------+--------------+-------------+--------------+---------+-----------+-----------+------+--------------+-----------------------------------------+--------------+
; Compilation Hierarchy Node    ; LC Combinationals ; LC Registers ; Memory Bits ; DSP Elements ; DSP 9x9 ; DSP 18x18 ; DSP 36x36 ; Pins ; Virtual Pins ; Full Hierarchy Name                     ; Library Name ;
+-------------------------------+-------------------+--------------+-------------+--------------+---------+-----------+-----------+------+--------------+-----------------------------------------+--------------+
; |pipelineCycle                ; 237 (0)           ; 227 (0)      ; 0           ; 0            ; 0       ; 0         ; 0         ; 66   ; 0            ; |pipelineCycle                          ; work         ;
;    |EX_MEM:inst12|            ; 0 (0)             ; 21 (21)      ; 0           ; 0            ; 0       ; 0         ; 0         ; 0    ; 0            ; |pipelineCycle|EX_MEM:inst12            ; work         ;
;    |ID_EX:inst8|              ; 1 (1)             ; 43 (43)      ; 0           ; 0            ; 0       ; 0         ; 0         ; 0    ; 0            ; |pipelineCycle|ID_EX:inst8              ; work         ;
;    |IF_ID:inst3|              ; 1 (1)             ; 11 (11)      ; 0           ; 0            ; 0       ; 0         ; 0         ; 0    ; 0            ; |pipelineCycle|IF_ID:inst3              ; work         ;
;    |MEM_WB:inst16|            ; 0 (0)             ; 24 (24)      ; 0           ; 0            ; 0       ; 0         ; 0         ; 0    ; 0            ; |pipelineCycle|MEM_WB:inst16            ; work         ;
;    |alu:inst11|               ; 32 (32)           ; 0 (0)        ; 0           ; 0            ; 0       ; 0         ; 0         ; 0    ; 0            ; |pipelineCycle|alu:inst11               ; work         ;
;    |alu_control:inst9|        ; 1 (1)             ; 0 (0)        ; 0           ; 0            ; 0       ; 0         ; 0         ; 0    ; 0            ; |pipelineCycle|alu_control:inst9        ; work         ;
;    |control_unit:inst4|       ; 2 (2)             ; 0 (0)        ; 0           ; 0            ; 0       ; 0         ; 0         ; 0    ; 0            ; |pipelineCycle|control_unit:inst4       ; work         ;
;    |data_memory:inst15|       ; 7 (7)             ; 0 (0)        ; 0           ; 0            ; 0       ; 0         ; 0         ; 0    ; 0            ; |pipelineCycle|data_memory:inst15       ; work         ;
;    |instruction_memory:inst2| ; 23 (23)           ; 0 (0)        ; 0           ; 0            ; 0       ; 0         ; 0         ; 0    ; 0            ; |pipelineCycle|instruction_memory:inst2 ; work         ;
;    |mux16:inst10|             ; 16 (16)           ; 0 (0)        ; 0           ; 0            ; 0       ; 0         ; 0         ; 0    ; 0            ; |pipelineCycle|mux16:inst10             ; work         ;
;    |mux16:inst17|             ; 16 (16)           ; 0 (0)        ; 0           ; 0            ; 0       ; 0         ; 0         ; 0    ; 0            ; |pipelineCycle|mux16:inst17             ; work         ;
;    |mux3:inst6|               ; 3 (3)             ; 0 (0)        ; 0           ; 0            ; 0       ; 0         ; 0         ; 0    ; 0            ; |pipelineCycle|mux3:inst6               ; work         ;
;    |program_counter:inst|     ; 16 (16)           ; 16 (16)      ; 0           ; 0            ; 0       ; 0         ; 0         ; 0    ; 0            ; |pipelineCycle|program_counter:inst     ; work         ;
;    |register_block:inst5|     ; 119 (119)         ; 112 (112)    ; 0           ; 0            ; 0       ; 0         ; 0         ; 0    ; 0            ; |pipelineCycle|register_block:inst5     ; work         ;
+-------------------------------+-------------------+--------------+-------------+--------------+---------+-----------+-----------+------+--------------+-----------------------------------------+--------------+
Note: For table entries with two numbers listed, the numbers in parentheses indicate the number of resources of the given type used by the specific entity alone. The numbers listed outside of parentheses indicate the total resources of the given type used by the specific entity and all of its sub-entities in the hierarchy.


+---------------------------------------------------------------------------------------------+
; Registers Removed During Synthesis                                                          ;
+-----------------------------------------------+---------------------------------------------+
; Register name                                 ; Reason for Removal                          ;
+-----------------------------------------------+---------------------------------------------+
; IF_ID:inst3|inst_out[8,13,14]                 ; Stuck at GND due to stuck port data_in      ;
; ID_EX:inst8|mwrite_out                        ; Stuck at GND due to stuck port data_in      ;
; ID_EX:inst8|aluop_out[0]                      ; Stuck at GND due to stuck port data_in      ;
; EX_MEM:inst12|mwrite_out                      ; Stuck at GND due to stuck port data_in      ;
; EX_MEM:inst12|d2_out[0..15]                   ; Lost fanout                                 ;
; MEM_WB:inst16|mdata_out[2,3,7,8,10..12,14,15] ; Stuck at GND due to stuck port data_in      ;
; IF_ID:inst3|inst_out[2]                       ; Merged with IF_ID:inst3|inst_out[12]        ;
; IF_ID:inst3|inst_out[3]                       ; Merged with IF_ID:inst3|inst_out[4]         ;
; ID_EX:inst8|imm_out[5..14]                    ; Merged with ID_EX:inst8|imm_out[15]         ;
; ID_EX:inst8|imm_out[3]                        ; Merged with ID_EX:inst8|imm_out[4]          ;
; ID_EX:inst8|func_out[2]                       ; Merged with ID_EX:inst8|imm_out[2]          ;
; ID_EX:inst8|func_out[1]                       ; Merged with ID_EX:inst8|imm_out[1]          ;
; ID_EX:inst8|func_out[0]                       ; Merged with ID_EX:inst8|imm_out[0]          ;
; ID_EX:inst8|mread_out                         ; Merged with ID_EX:inst8|mreg_out            ;
; ID_EX:inst8|asrc_out                          ; Merged with ID_EX:inst8|mreg_out            ;
; EX_MEM:inst12|mread_out                       ; Merged with EX_MEM:inst12|mreg_out          ;
; MEM_WB:inst16|mdata_out[5]                    ; Merged with MEM_WB:inst16|mdata_out[13]     ;
; MEM_WB:inst16|mdata_out[4,6,9]                ; Merged with MEM_WB:inst16|mdata_out[0]      ;
; register_block:inst5|registers[0][15]         ; Stuck at GND due to stuck port clock_enable ;
; register_block:inst5|registers[0][14]         ; Stuck at GND due to stuck port clock_enable ;
; register_block:inst5|registers[0][13]         ; Stuck at GND due to stuck port clock_enable ;
; register_block:inst5|registers[0][12]         ; Stuck at GND due to stuck port clock_enable ;
; register_block:inst5|registers[0][11]         ; Stuck at GND due to stuck port clock_enable ;
; register_block:inst5|registers[0][10]         ; Stuck at GND due to stuck port clock_enable ;
; register_block:inst5|registers[0][9]          ; Stuck at GND due to stuck port clock_enable ;
; register_block:inst5|registers[0][8]          ; Stuck at GND due to stuck port clock_enable ;
; register_block:inst5|registers[0][7]          ; Stuck at GND due to stuck port clock_enable ;
; register_block:inst5|registers[0][6]          ; Stuck at GND due to stuck port clock_enable ;
; register_block:inst5|registers[0][5]          ; Stuck at GND due to stuck port clock_enable ;
; register_block:inst5|registers[0][4]          ; Stuck at GND due to stuck port clock_enable ;
; register_block:inst5|registers[0][3]          ; Stuck at GND due to stuck port clock_enable ;
; register_block:inst5|registers[0][2]          ; Stuck at GND due to stuck port clock_enable ;
; register_block:inst5|registers[0][1]          ; Stuck at GND due to stuck port clock_enable ;
; register_block:inst5|registers[0][0]          ; Stuck at GND due to stuck port clock_enable ;
; Total Number of Removed Registers = 70        ;                                             ;
+-----------------------------------------------+---------------------------------------------+


+-----------------------------------------------------------------------------------------------------------------------------------------+
; Removed Registers Triggering Further Register Optimizations                                                                             ;
+-----------------------------+---------------------------+-------------------------------------------------------------------------------+
; Register name               ; Reason for Removal        ; Registers Removed due to This Register                                        ;
+-----------------------------+---------------------------+-------------------------------------------------------------------------------+
; IF_ID:inst3|inst_out[14]    ; Stuck at GND              ; ID_EX:inst8|mwrite_out, EX_MEM:inst12|mwrite_out, EX_MEM:inst12|d2_out[0],    ;
;                             ; due to stuck port data_in ; EX_MEM:inst12|d2_out[1], EX_MEM:inst12|d2_out[2], EX_MEM:inst12|d2_out[3],    ;
;                             ;                           ; EX_MEM:inst12|d2_out[4], EX_MEM:inst12|d2_out[5], EX_MEM:inst12|d2_out[6],    ;
;                             ;                           ; EX_MEM:inst12|d2_out[7], EX_MEM:inst12|d2_out[8], MEM_WB:inst16|mdata_out[3], ;
;                             ;                           ; MEM_WB:inst16|mdata_out[2], register_block:inst5|registers[0][3],             ;
;                             ;                           ; register_block:inst5|registers[0][2]                                          ;
; MEM_WB:inst16|mdata_out[15] ; Stuck at GND              ; register_block:inst5|registers[0][15]                                         ;
;                             ; due to stuck port data_in ;                                                                               ;
; MEM_WB:inst16|mdata_out[14] ; Stuck at GND              ; register_block:inst5|registers[0][14]                                         ;
;                             ; due to stuck port data_in ;                                                                               ;
; MEM_WB:inst16|mdata_out[12] ; Stuck at GND              ; register_block:inst5|registers[0][12]                                         ;
;                             ; due to stuck port data_in ;                                                                               ;
; MEM_WB:inst16|mdata_out[11] ; Stuck at GND              ; register_block:inst5|registers[0][11]                                         ;
;                             ; due to stuck port data_in ;                                                                               ;
; MEM_WB:inst16|mdata_out[10] ; Stuck at GND              ; register_block:inst5|registers[0][10]                                         ;
;                             ; due to stuck port data_in ;                                                                               ;
; MEM_WB:inst16|mdata_out[8]  ; Stuck at GND              ; register_block:inst5|registers[0][8]                                          ;
;                             ; due to stuck port data_in ;                                                                               ;
; MEM_WB:inst16|mdata_out[7]  ; Stuck at GND              ; register_block:inst5|registers[0][7]                                          ;
;                             ; due to stuck port data_in ;                                                                               ;
+-----------------------------+---------------------------+-------------------------------------------------------------------------------+


+------------------------------------------------------+
; General Register Statistics                          ;
+----------------------------------------------+-------+
; Statistic                                    ; Value ;
+----------------------------------------------+-------+
; Total registers                              ; 227   ;
; Number of registers using Synchronous Clear  ; 0     ;
; Number of registers using Synchronous Load   ; 0     ;
; Number of registers using Asynchronous Clear ; 227   ;
; Number of registers using Asynchronous Load  ; 0     ;
; Number of registers using Clock Enable       ; 112   ;
; Number of registers using Preset             ; 0     ;
+----------------------------------------------+-------+


+----------------------------------------------------------------------------------------------------------------------------------------------------------+
; Multiplexer Restructuring Statistics (Restructuring Performed)                                                                                           ;
+--------------------+-----------+---------------+----------------------+------------------------+------------+--------------------------------------------+
; Multiplexer Inputs ; Bus Width ; Baseline Area ; Area if Restructured ; Saving if Restructured ; Registered ; Example Multiplexer Output                 ;
+--------------------+-----------+---------------+----------------------+------------------------+------------+--------------------------------------------+
; 3:1                ; 2 bits    ; 4 LEs         ; 4 LEs                ; 0 LEs                  ; Yes        ; |pipelineCycle|MEM_WB:inst16|mdata_out[13] ;
; 5:1                ; 16 bits   ; 48 LEs        ; 48 LEs               ; 0 LEs                  ; Yes        ; |pipelineCycle|ID_EX:inst8|d2_out[2]       ;
; 9:1                ; 16 bits   ; 96 LEs        ; 96 LEs               ; 0 LEs                  ; Yes        ; |pipelineCycle|ID_EX:inst8|d1_out[10]      ;
; 4:1                ; 16 bits   ; 32 LEs        ; 32 LEs               ; 0 LEs                  ; No         ; |pipelineCycle|alu:inst11|Mux15            ;
+--------------------+-----------+---------------+----------------------+------------------------+------------+--------------------------------------------+


+-------------------------------+
; Elapsed Time Per Partition    ;
+----------------+--------------+
; Partition Name ; Elapsed Time ;
+----------------+--------------+
; Top            ; 00:00:01     ;
+----------------+--------------+


+-------------------------------+
; Analysis & Synthesis Messages ;
+-------------------------------+
Info: *******************************************************************
Info: Running Quartus II 64-Bit Analysis & Synthesis
    Info: Version 13.1.0 Build 162 10/23/2013 SJ Web Edition
    Info: Processing started: Thu Dec 25 14:45:20 2025
Info: Command: quartus_map --read_settings_files=on --write_settings_files=off pipelineCycle -c pipelineCycle
Warning (20028): Parallel compilation is not licensed and has been disabled
Info (12021): Found 1 design units, including 1 entities, in source file sign_extend.v
    Info (12023): Found entity 1: sign_extend
Info (12021): Found 1 design units, including 1 entities, in source file register_block.v
    Info (12023): Found entity 1: register_block
Info (12021): Found 1 design units, including 1 entities, in source file program_counter.v
    Info (12023): Found entity 1: program_counter
Info (12021): Found 1 design units, including 1 entities, in source file mux3.v
    Info (12023): Found entity 1: mux3
Info (12021): Found 1 design units, including 1 entities, in source file mux16.v
    Info (12023): Found entity 1: mux16
Info (12021): Found 1 design units, including 1 entities, in source file instruction_memory.v
    Info (12023): Found entity 1: instruction_memory
Info (12021): Found 1 design units, including 1 entities, in source file data_memory.v
    Info (12023): Found entity 1: data_memory
Info (12021): Found 1 design units, including 1 entities, in source file control_unit.v
    Info (12023): Found entity 1: control_unit
Info (12021): Found 1 design units, including 1 entities, in source file alu_control.v
    Info (12023): Found entity 1: alu_control
Info (12021): Found 1 design units, including 1 entities, in source file alu.v
    Info (12023): Found entity 1: alu
Info (12021): Found 1 design units, including 1 entities, in source file adder.v
    Info (12023): Found entity 1: adder
Info (12021): Found 1 design units, including 1 entities, in source file if_id.v
    Info (12023): Found entity 1: IF_ID
Info (12021): Found 1 design units, including 1 entities, in source file id_ex.v
    Info (12023): Found entity 1: ID_EX
Info (12021): Found 1 design units, including 1 entities, in source file ex_mem.v
    Info (12023): Found entity 1: EX_MEM
Info (12021): Found 1 design units, including 1 entities, in source file mem_wb.v
    Info (12023): Found entity 1: MEM_WB
Info (12021): Found 1 design units, including 1 entities, in source file pipelinecycle.bdf
    Info (12023): Found entity 1: pipelineCycle
Info (12021): Found 0 design units, including 0 entities, in source file pipelinecycle.v
Info (12127): Elaborating entity "pipelineCycle" for the top level hierarchy
Info (12128): Elaborating entity "alu" for hierarchy "alu:inst11"
Info (12128): Elaborating entity "ID_EX" for hierarchy "ID_EX:inst8"
Info (12128): Elaborating entity "control_unit" for hierarchy "control_unit:inst4"
Info (12128): Elaborating entity "IF_ID" for hierarchy "IF_ID:inst3"
Info (12128): Elaborating entity "instruction_memory" for hierarchy "instruction_memory:inst2"
Info (12128): Elaborating entity "program_counter" for hierarchy "program_counter:inst"
Info (12128): Elaborating entity "adder" for hierarchy "adder:inst1"
Info (12128): Elaborating entity "register_block" for hierarchy "register_block:inst5"
Warning (10240): Verilog HDL Always Construct warning at register_block.v(25): inferring latch(es) for variable "i", which holds its previous value in one or more paths through the always construct
Info (12128): Elaborating entity "MEM_WB" for hierarchy "MEM_WB:inst16"
Info (12128): Elaborating entity "EX_MEM" for hierarchy "EX_MEM:inst12"
Info (12128): Elaborating entity "data_memory" for hierarchy "data_memory:inst15"
Info (12128): Elaborating entity "mux16" for hierarchy "mux16:inst17"
Info (12128): Elaborating entity "sign_extend" for hierarchy "sign_extend:inst7"
Info (12128): Elaborating entity "mux3" for hierarchy "mux3:inst6"
Info (12128): Elaborating entity "alu_control" for hierarchy "alu_control:inst9"
Warning (13024): Output pins are stuck at VCC or GND
    Warning (13410): Pin "instruction[14]" is stuck at GND
    Warning (13410): Pin "instruction[13]" is stuck at GND
    Warning (13410): Pin "instruction[8]" is stuck at GND
Info (286030): Timing-Driven Synthesis is running
Info (17049): 16 registers lost all their fanouts during netlist optimizations.
Info (16010): Generating hard_block partition "hard_block:auto_generated_inst"
    Info (16011): Adding 0 node(s), including 0 DDIO, 0 PLL, 0 transceiver and 0 LCELL
Info (21057): Implemented 473 device resources after synthesis - the final resource count might be different
    Info (21058): Implemented 2 input pins
    Info (21059): Implemented 64 output pins
    Info (21061): Implemented 407 logic cells
Info: Quartus II 64-Bit Analysis & Synthesis was successful. 0 errors, 6 warnings
    Info: Peak virtual memory: 4678 megabytes
    Info: Processing ended: Thu Dec 25 14:45:25 2025
    Info: Elapsed time: 00:00:05
    Info: Total CPU time (on all processors): 00:00:02


