Flow report for singleCycle
Wed Dec 24 19:13:12 2025
Quartus II 64-Bit Version 13.1.0 Build 162 10/23/2013 SJ Web Edition


---------------------
; Table of Contents ;
---------------------
  1. Legal Notice
  2. Flow Summary
  3. Flow Settings
  4. Flow Non-Default Global Settings
  5. Flow Elapsed Time
  6. Flow OS Summary
  7. Flow Log
  8. Flow Messages
  9. Flow Suppressed Messages



----------------
; Legal Notice ;
----------------
Copyright (C) 1991-2013 Altera Corporation
Your use of Altera Corporation's design tools, logic functions 
and other software and tools, and its AMPP partner logic 
functions, and any output files from any of the foregoing 
(including device programming or simulation files), and any 
associated documentation or information are expressly subject 
to the terms and conditions of the Altera Program License 
Subscription Agreement, Altera MegaCore Function License 
Agreement, or other applicable license agreement, including, 
without limitation, that your use is for the sole purpose of 
programming logic devices manufactured by Altera and sold by 
Altera or its authorized distributors.  Please refer to the 
applicable agreement for further details.



+---------------------------------------------------------------------------------+
; Flow Summary                                                                    ;
+------------------------------------+--------------------------------------------+
; Flow Status                        ; Successful - Wed Dec 24 19:13:12 2025      ;
; Quartus II 64-Bit Version          ; 13.1.0 Build 162 10/23/2013 SJ Web Edition ;
; Revision Name                      ; singleCycle                                ;
; Top-level Entity Name              ; singleCycle                                ;
; Family                             ; Cyclone III                                ;
; Total logic elements               ; 5,554 / 10,320 ( 54 % )                    ;
;     Total combinational functions  ; 3,220 / 10,320 ( 31 % )                    ;
;     Dedicated logic registers      ; 4,160 / 10,320 ( 40 % )                    ;
; Total registers                    ; 4160                                       ;
; Total pins                         ; 50 / 183 ( 27 % )                          ;
; Total virtual pins                 ; 0                                          ;
; Total memory bits                  ; 0 / 423,936 ( 0 % )                        ;
; Embedded Multiplier 9-bit elements ; 0 / 46 ( 0 % )                             ;
; Total PLLs                         ; 0 / 2 ( 0 % )                              ;
; Device                             ; EP3C10F256C6                               ;
; Timing Models                      ; Final                                      ;
+------------------------------------+--------------------------------------------+


+-----------------------------------------+
; Flow Settings                           ;
+-------------------+---------------------+
; Option            ; Setting             ;
+-------------------+---------------------+
; Start date & time ; 12/24/2025 19:12:18 ;
; Main task         ; Compilation         ;
; Revision Name     ; singleCycle         ;
+-------------------+---------------------+


+-------------------------------------------------------------------------------------------------------------------------------------------------------+
; Flow Non-Default Global Settings                                                                                                                      ;
+--------------------------------------+-----------------------------------------------------------------+---------------+-------------+----------------+
; Assignment Name                      ; Value                                                           ; Default Value ; Entity Name ; Section Id     ;
+--------------------------------------+-----------------------------------------------------------------+---------------+-------------+----------------+
; COMPILER_SIGNATURE_ID                ; 211334720073026.176659633821100                                 ; --            ; --          ; --             ;
; EDA_DESIGN_INSTANCE_NAME             ; NA                                                              ; --            ; --          ; tb_processor   ;
; EDA_GENERATE_FUNCTIONAL_NETLIST      ; On                                                              ; --            ; --          ; eda_simulation ;
; EDA_NATIVELINK_SIMULATION_TEST_BENCH ; tb_processor                                                    ; --            ; --          ; eda_simulation ;
; EDA_NETLIST_WRITER_OUTPUT_DIR        ; D:/CSE/7th_term/Arch/arch_project/single_cycle/simulation/qsim/ ; --            ; --          ; eda_simulation ;
; EDA_OUTPUT_DATA_FORMAT               ; Verilog Hdl                                                     ; --            ; --          ; eda_simulation ;
; EDA_SIMULATION_TOOL                  ; ModelSim-Altera (Verilog)                                       ; <None>        ; --          ; --             ;
; EDA_TEST_BENCH_ENABLE_STATUS         ; TEST_BENCH_MODE                                                 ; --            ; --          ; eda_simulation ;
; EDA_TEST_BENCH_FILE                  ; tb_processor.v                                                  ; --            ; --          ; tb_processor   ;
; EDA_TEST_BENCH_MODULE_NAME           ; tb_processor                                                    ; --            ; --          ; tb_processor   ;
; EDA_TEST_BENCH_NAME                  ; tb_processor                                                    ; --            ; --          ; eda_simulation ;
; EDA_TIME_SCALE                       ; 1 ps                                                            ; --            ; --          ; eda_simulation ;
; PARTITION_COLOR                      ; 16764057                                                        ; --            ; --          ; Top            ;
; PARTITION_FITTER_PRESERVATION_LEVEL  ; PLACEMENT_AND_ROUTING                                           ; --            ; --          ; Top            ;
; PARTITION_NETLIST_TYPE               ; SOURCE                                                          ; --            ; --          ; Top            ;
; PROJECT_OUTPUT_DIRECTORY             ; output_files                                                    ; --            ; --          ; --             ;
+--------------------------------------+-----------------------------------------------------------------+---------------+-------------+----------------+


+-------------------------------------------------------------------------------------------------------------------------------+
; Flow Elapsed Time                                                                                                             ;
+---------------------------+--------------+-------------------------+---------------------+------------------------------------+
; Module Name               ; Elapsed Time ; Average Processors Used ; Peak Virtual Memory ; Total CPU Time (on all processors) ;
+---------------------------+--------------+-------------------------+---------------------+------------------------------------+
; Analysis & Synthesis      ; 00:00:07     ; 1.0                     ; 4654 MB             ; 00:00:04                           ;
; Fitter                    ; 00:00:39     ; 1.0                     ; 5017 MB             ; 00:00:21                           ;
; Assembler                 ; 00:00:00     ; 1.0                     ; 4590 MB             ; 00:00:01                           ;
; TimeQuest Timing Analyzer ; 00:00:03     ; 1.0                     ; 4679 MB             ; 00:00:02                           ;
; EDA Netlist Writer        ; 00:00:00     ; 1.0                     ; 4582 MB             ; 00:00:00                           ;
; Total                     ; 00:00:49     ; --                      ; --                  ; 00:00:28                           ;
+---------------------------+--------------+-------------------------+---------------------+------------------------------------+


+----------------------------------------------------------------------------------------+
; Flow OS Summary                                                                        ;
+---------------------------+------------------+-----------+------------+----------------+
; Module Name               ; Machine Hostname ; OS Name   ; OS Version ; Processor type ;
+---------------------------+------------------+-----------+------------+----------------+
; Analysis & Synthesis      ; Denary           ; Windows 7 ; 6.2        ; x86_64         ;
; Fitter                    ; Denary           ; Windows 7 ; 6.2        ; x86_64         ;
; Assembler                 ; Denary           ; Windows 7 ; 6.2        ; x86_64         ;
; TimeQuest Timing Analyzer ; Denary           ; Windows 7 ; 6.2        ; x86_64         ;
; EDA Netlist Writer        ; Denary           ; Windows 7 ; 6.2        ; x86_64         ;
+---------------------------+------------------+-----------+------------+----------------+


------------
; Flow Log ;
------------
quartus_map --read_settings_files=on --write_settings_files=off singleCycle -c singleCycle
quartus_fit --read_settings_files=off --write_settings_files=off singleCycle -c singleCycle
quartus_asm --read_settings_files=off --write_settings_files=off singleCycle -c singleCycle
quartus_sta singleCycle -c singleCycle
quartus_eda --read_settings_files=off --write_settings_files=off singleCycle -c singleCycle



