Analysis & Synthesis report for singleCycle
Wed Dec 24 19:12:25 2025
Quartus II 64-Bit Version 13.1.0 Build 162 10/23/2013 SJ Web Edition


---------------------
; Table of Contents ;
---------------------
  1. Legal Notice
  2. Analysis & Synthesis Summary
  3. Analysis & Synthesis Settings
  4. Parallel Compilation
  5. Analysis & Synthesis Source Files Read
  6. Analysis & Synthesis Resource Usage Summary
  7. Analysis & Synthesis Resource Utilization by Entity
  8. Registers Removed During Synthesis
  9. General Register Statistics
 10. Multiplexer Restructuring Statistics (Restructuring Performed)
 11. Elapsed Time Per Partition
 12. Analysis & Synthesis Messages



----------------
; Legal Notice ;
----------------
Copyright (C) 1991-2013 Altera Corporation
Your use of Altera Corporation's design tools, logic functions 
and other software and tools, and its AMPP partner logic 
functions, and any output files from any of the foregoing 
(including device programming or simulation files), and any 
associated documentation or information are expressly subject 
to the terms and conditions of the Altera Program License 
Subscription Agreement, Altera MegaCore Function License 
Agreement, or other applicable license agreement, including, 
without limitation, that your use is for the sole purpose of 
programming logic devices manufactured by Altera and sold by 
Altera or its authorized distributors.  Please refer to the 
applicable agreement for further details.



+---------------------------------------------------------------------------------+
; Analysis & Synthesis Summary                                                    ;
+------------------------------------+--------------------------------------------+
; Analysis & Synthesis Status        ; Successful - Wed Dec 24 19:12:25 2025      ;
; Quartus II 64-Bit Version          ; 13.1.0 Build 162 10/23/2013 SJ Web Edition ;
; Revision Name                      ; singleCycle                                ;
; Top-level Entity Name              ; singleCycle                                ;
; Family                             ; Cyclone III                                ;
; Total logic elements               ; 7,303                                      ;
;     Total combinational functions  ; 3,220                                      ;
;     Dedicated logic registers      ; 4,160                                      ;
; Total registers                    ; 4160                                       ;
; Total pins                         ; 50                                         ;
; Total virtual pins                 ; 0                                          ;
; Total memory bits                  ; 0                                          ;
; Embedded Multiplier 9-bit elements ; 0                                          ;
; Total PLLs                         ; 0                                          ;
+------------------------------------+--------------------------------------------+


+----------------------------------------------------------------------------------------------------------------------+
; Analysis & Synthesis Settings                                                                                        ;
+----------------------------------------------------------------------------+--------------------+--------------------+
; Option                                                                     ; Setting            ; Default Value      ;
+----------------------------------------------------------------------------+--------------------+--------------------+
; Top-level entity name                                                      ; singleCycle        ; singleCycle        ;
; Family name                                                                ; Cyclone III        ; Cyclone IV GX      ;
; Use smart compilation                                                      ; Off                ; Off                ;
; Enable parallel Assembler and TimeQuest Timing Analyzer during compilation ; On                 ; On                 ;
; Enable compact report table                                                ; Off                ; Off                ;
; Restructure Multiplexers                                                   ; Auto               ; Auto               ;
; Create Debugging Nodes for IP Cores                                        ; Off                ; Off                ;
; Preserve fewer node names                                                  ; On                 ; On                 ;
; Disable OpenCore Plus hardware evaluation                                  ; Off                ; Off                ;
; Verilog Version                                                            ; Verilog_2001       ; Verilog_2001       ;
; VHDL Version                                                               ; VHDL_1993          ; VHDL_1993          ;
; State Machine Processing                                                   ; Auto               ; Auto               ;
; Safe State Machine                                                         ; Off                ; Off                ;
; Extract Verilog State Machines                                             ; On                 ; On                 ;
; Extract VHDL State Machines                                                ; On                 ; On                 ;
; Ignore Verilog initial constructs                                          ; Off                ; Off                ;
; Iteration limit for constant Verilog loops                                 ; 5000               ; 5000               ;
; Iteration limit for non-constant Verilog loops                             ; 250                ; 250                ;
; Add Pass-Through Logic to Inferred RAMs                                    ; On                 ; On                 ;
; Infer RAMs from Raw Logic                                                  ; On                 ; On                 ;
; Parallel Synthesis                                                         ; On                 ; On                 ;
; DSP Block Balancing                                                        ; Auto               ; Auto               ;
; NOT Gate Push-Back                                                         ; On                 ; On                 ;
; Power-Up Don't Care                                                        ; On                 ; On                 ;
; Remove Redundant Logic Cells                                               ; Off                ; Off                ;
; Remove Duplicate Registers                                                 ; On                 ; On                 ;
; Ignore CARRY Buffers                                                       ; Off                ; Off                ;
; Ignore CASCADE Buffers                                                     ; Off                ; Off                ;
; Ignore GLOBAL Buffers                                                      ; Off                ; Off                ;
; Ignore ROW GLOBAL Buffers                                                  ; Off                ; Off                ;
; Ignore LCELL Buffers                                                       ; Off                ; Off                ;
; Ignore SOFT Buffers                                                        ; On                 ; On                 ;
; Limit AHDL Integers to 32 Bits                                             ; Off                ; Off                ;
; Optimization Technique                                                     ; Balanced           ; Balanced           ;
; Carry Chain Length                                                         ; 70                 ; 70                 ;
; Auto Carry Chains                                                          ; On                 ; On                 ;
; Auto Open-Drain Pins                                                       ; On                 ; On                 ;
; Perform WYSIWYG Primitive Resynthesis                                      ; Off                ; Off                ;
; Auto ROM Replacement                                                       ; On                 ; On                 ;
; Auto RAM Replacement                                                       ; On                 ; On                 ;
; Auto DSP Block Replacement                                                 ; On                 ; On                 ;
; Auto Shift Register Replacement                                            ; Auto               ; Auto               ;
; Allow Shift Register Merging across Hierarchies                            ; Auto               ; Auto               ;
; Auto Clock Enable Replacement                                              ; On                 ; On                 ;
; Strict RAM Replacement                                                     ; Off                ; Off                ;
; Allow Synchronous Control Signals                                          ; On                 ; On                 ;
; Force Use of Synchronous Clear Signals                                     ; Off                ; Off                ;
; Auto RAM Block Balancing                                                   ; On                 ; On                 ;
; Auto RAM to Logic Cell Conversion                                          ; Off                ; Off                ;
; Auto Resource Sharing                                                      ; Off                ; Off                ;
; Allow Any RAM Size For Recognition                                         ; Off                ; Off                ;
; Allow Any ROM Size For Recognition                                         ; Off                ; Off                ;
; Allow Any Shift Register Size For Recognition                              ; Off                ; Off                ;
; Use LogicLock Constraints during Resource Balancing                        ; On                 ; On                 ;
; Ignore translate_off and synthesis_off directives                          ; Off                ; Off                ;
; Timing-Driven Synthesis                                                    ; On                 ; On                 ;
; Report Parameter Settings                                                  ; On                 ; On                 ;
; Report Source Assignments                                                  ; On                 ; On                 ;
; Report Connectivity Checks                                                 ; On                 ; On                 ;
; Ignore Maximum Fan-Out Assignments                                         ; Off                ; Off                ;
; Synchronization Register Chain Length                                      ; 2                  ; 2                  ;
; PowerPlay Power Optimization                                               ; Normal compilation ; Normal compilation ;
; HDL message level                                                          ; Level2             ; Level2             ;
; Suppress Register Optimization Related Messages                            ; Off                ; Off                ;
; Number of Removed Registers Reported in Synthesis Report                   ; 5000               ; 5000               ;
; Number of Swept Nodes Reported in Synthesis Report                         ; 5000               ; 5000               ;
; Number of Inverted Registers Reported in Synthesis Report                  ; 100                ; 100                ;
; Clock MUX Protection                                                       ; On                 ; On                 ;
; Auto Gated Clock Conversion                                                ; Off                ; Off                ;
; Block Design Naming                                                        ; Auto               ; Auto               ;
; SDC constraint protection                                                  ; Off                ; Off                ;
; Synthesis Effort                                                           ; Auto               ; Auto               ;
; Shift Register Replacement - Allow Asynchronous Clear Signal               ; On                 ; On                 ;
; Pre-Mapping Resynthesis Optimization                                       ; Off                ; Off                ;
; Analysis & Synthesis Message Level                                         ; Medium             ; Medium             ;
; Disable Register Merging Across Hierarchies                                ; Auto               ; Auto               ;
; Resource Aware Inference For Block RAM                                     ; On                 ; On                 ;
; Synthesis Seed                                                             ; 1                  ; 1                  ;
+----------------------------------------------------------------------------+--------------------+--------------------+


Parallel compilation was disabled, but you have multiple processors available. Enable parallel compilation to reduce compilation time.
+-------------------------------------+
; Parallel Compilation                ;
+----------------------------+--------+
; Processors                 ; Number ;
+----------------------------+--------+
; Number detected on machine ; 28     ;
; Maximum allowed            ; 1      ;
+----------------------------+--------+


+-------------------------------------------------------------------------------------------------------------------------------------------------------------------------+
; Analysis & Synthesis Source Files Read                                                                                                                                  ;
+----------------------------------+-----------------+------------------------------------+---------------------------------------------------------------------+---------+
; File Name with User-Entered Path ; Used in Netlist ; File Type                          ; File Name with Absolute Path                                        ; Library ;
+----------------------------------+-----------------+------------------------------------+---------------------------------------------------------------------+---------+
; alu.v                            ; yes             ; User Verilog HDL File              ; D:/CSE/7th_term/Arch/arch_project/single_cycle/alu.v                ;         ;
; singleCycle.bdf                  ; yes             ; User Block Diagram/Schematic File  ; D:/CSE/7th_term/Arch/arch_project/single_cycle/singleCycle.bdf      ;         ;
; alu_control.v                    ; yes             ; User Verilog HDL File              ; D:/CSE/7th_term/Arch/arch_project/single_cycle/alu_control.v        ;         ;
; register_block.v                 ; yes             ; User Verilog HDL File              ; D:/CSE/7th_term/Arch/arch_project/single_cycle/register_block.v     ;         ;
; instruction_memory.v             ; yes             ; User Verilog HDL File              ; D:/CSE/7th_term/Arch/arch_project/single_cycle/instruction_memory.v ;         ;
; data_memory.v                    ; yes             ; User Verilog HDL File              ; D:/CSE/7th_term/Arch/arch_project/single_cycle/data_memory.v        ;         ;
; control_unit.v                   ; yes             ; User Verilog HDL File              ; D:/CSE/7th_term/Arch/arch_project/single_cycle/control_unit.v       ;         ;
; program_counter.v                ; yes             ; User Verilog HDL File              ; D:/CSE/7th_term/Arch/arch_project/single_cycle/program_counter.v    ;         ;
; sign_extend.v                    ; yes             ; User Verilog HDL File              ; D:/CSE/7th_term/Arch/arch_project/single_cycle/sign_extend.v        ;         ;
; adder.v                          ; yes             ; User Verilog HDL File              ; D:/CSE/7th_term/Arch/arch_project/single_cycle/adder.v              ;         ;
; mux16.v                          ; yes             ; User Verilog HDL File              ; D:/CSE/7th_term/Arch/arch_project/single_cycle/mux16.v              ;         ;
; mux3.v                           ; yes             ; User Verilog HDL File              ; D:/CSE/7th_term/Arch/arch_project/single_cycle/mux3.v               ;         ;
+----------------------------------+-----------------+------------------------------------+---------------------------------------------------------------------+---------+


+---------------------------------------------------------+
; Analysis & Synthesis Resource Usage Summary             ;
+---------------------------------------------+-----------+
; Resource                                    ; Usage     ;
+---------------------------------------------+-----------+
; Estimated Total logic elements              ; 7,303     ;
;                                             ;           ;
; Total combinational functions               ; 3220      ;
; Logic element usage by number of LUT inputs ;           ;
;     -- 4 input functions                    ; 3108      ;
;     -- 3 input functions                    ; 43        ;
;     -- <=2 input functions                  ; 69        ;
;                                             ;           ;
; Logic elements by mode                      ;           ;
;     -- normal mode                          ; 3191      ;
;     -- arithmetic mode                      ; 29        ;
;                                             ;           ;
; Total registers                             ; 4160      ;
;     -- Dedicated logic registers            ; 4160      ;
;     -- I/O registers                        ; 0         ;
;                                             ;           ;
; I/O pins                                    ; 50        ;
; Embedded Multiplier 9-bit elements          ; 0         ;
; Maximum fan-out node                        ; clk~input ;
; Maximum fan-out                             ; 4160      ;
; Total fan-out                               ; 25286     ;
; Average fan-out                             ; 3.38      ;
+---------------------------------------------+-----------+


+----------------------------------------------------------------------------------------------------------------------------------------------------------------------------------------------------------------------------+
; Analysis & Synthesis Resource Utilization by Entity                                                                                                                                                                        ;
+--------------------------------------------+-------------------+--------------+-------------+--------------+---------+-----------+------+--------------+----------------------------------------------------+--------------+
; Compilation Hierarchy Node                 ; LC Combinationals ; LC Registers ; Memory Bits ; DSP Elements ; DSP 9x9 ; DSP 18x18 ; Pins ; Virtual Pins ; Full Hierarchy Name                                ; Library Name ;
+--------------------------------------------+-------------------+--------------+-------------+--------------+---------+-----------+------+--------------+----------------------------------------------------+--------------+
; |singleCycle                               ; 3220 (0)          ; 4160 (0)     ; 0           ; 0            ; 0       ; 0         ; 50   ; 0            ; |singleCycle                                       ; work         ;
;    |alu:inst7|                             ; 48 (48)           ; 0 (0)        ; 0           ; 0            ; 0       ; 0         ; 0    ; 0            ; |singleCycle|alu:inst7                             ; work         ;
;    |alu_control:inst8|                     ; 2 (2)             ; 0 (0)        ; 0           ; 0            ; 0       ; 0         ; 0    ; 0            ; |singleCycle|alu_control:inst8                     ; work         ;
;    |data_memory:inst9|                     ; 3037 (3037)       ; 4096 (4096)  ; 0           ; 0            ; 0       ; 0         ; 0    ; 0            ; |singleCycle|data_memory:inst9                     ; work         ;
;    |instruction_memory:inst2|              ; 14 (14)           ; 0 (0)        ; 0           ; 0            ; 0       ; 0         ; 0    ; 0            ; |singleCycle|instruction_memory:inst2              ; work         ;
;    |mux16:inst10|                          ; 17 (17)           ; 0 (0)        ; 0           ; 0            ; 0       ; 0         ; 0    ; 0            ; |singleCycle|mux16:inst10                          ; work         ;
;    |mux16:inst11|                          ; 16 (16)           ; 0 (0)        ; 0           ; 0            ; 0       ; 0         ; 0    ; 0            ; |singleCycle|mux16:inst11                          ; work         ;
;    |program_counter:program_counter_block| ; 16 (16)           ; 16 (16)      ; 0           ; 0            ; 0       ; 0         ; 0    ; 0            ; |singleCycle|program_counter:program_counter_block ; work         ;
;    |register_block:inst4|                  ; 70 (70)           ; 48 (48)      ; 0           ; 0            ; 0       ; 0         ; 0    ; 0            ; |singleCycle|register_block:inst4                  ; work         ;
+--------------------------------------------+-------------------+--------------+-------------+--------------+---------+-----------+------+--------------+----------------------------------------------------+--------------+
Note: For table entries with two numbers listed, the numbers in parentheses indicate the number of resources of the given type used by the specific entity alone. The numbers listed outside of parentheses indicate the total resources of the given type used by the specific entity and all of its sub-entities in the hierarchy.


+--------------------------------------------------------------------------------------+
; Registers Removed During Synthesis                                                   ;
+----------------------------------------+---------------------------------------------+
; Register name                          ; Reason for Removal                          ;
+----------------------------------------+---------------------------------------------+
; register_block:inst4|registers[4][15]  ; Lost fanout                                 ;
; register_block:inst4|registers[5][15]  ; Lost fanout                                 ;
; register_block:inst4|registers[6][15]  ; Lost fanout                                 ;
; register_block:inst4|registers[7][15]  ; Lost fanout                                 ;
; register_block:inst4|registers[4][0]   ; Lost fanout                                 ;
; register_block:inst4|registers[5][0]   ; Lost fanout                                 ;
; register_block:inst4|registers[6][0]   ; Lost fanout                                 ;
; register_block:inst4|registers[7][0]   ; Lost fanout                                 ;
; register_block:inst4|registers[4][1]   ; Lost fanout                                 ;
; register_block:inst4|registers[5][1]   ; Lost fanout                                 ;
; register_block:inst4|registers[6][1]   ; Lost fanout                                 ;
; register_block:inst4|registers[7][1]   ; Lost fanout                                 ;
; register_block:inst4|registers[4][2]   ; Lost fanout                                 ;
; register_block:inst4|registers[5][2]   ; Lost fanout                                 ;
; register_block:inst4|registers[6][2]   ; Lost fanout                                 ;
; register_block:inst4|registers[7][2]   ; Lost fanout                                 ;
; register_block:inst4|registers[4][3]   ; Lost fanout                                 ;
; register_block:inst4|registers[5][3]   ; Lost fanout                                 ;
; register_block:inst4|registers[6][3]   ; Lost fanout                                 ;
; register_block:inst4|registers[7][3]   ; Lost fanout                                 ;
; register_block:inst4|registers[4][4]   ; Lost fanout                                 ;
; register_block:inst4|registers[5][4]   ; Lost fanout                                 ;
; register_block:inst4|registers[6][4]   ; Lost fanout                                 ;
; register_block:inst4|registers[7][4]   ; Lost fanout                                 ;
; register_block:inst4|registers[4][5]   ; Lost fanout                                 ;
; register_block:inst4|registers[5][5]   ; Lost fanout                                 ;
; register_block:inst4|registers[6][5]   ; Lost fanout                                 ;
; register_block:inst4|registers[7][5]   ; Lost fanout                                 ;
; register_block:inst4|registers[4][6]   ; Lost fanout                                 ;
; register_block:inst4|registers[5][6]   ; Lost fanout                                 ;
; register_block:inst4|registers[6][6]   ; Lost fanout                                 ;
; register_block:inst4|registers[7][6]   ; Lost fanout                                 ;
; register_block:inst4|registers[4][7]   ; Lost fanout                                 ;
; register_block:inst4|registers[5][7]   ; Lost fanout                                 ;
; register_block:inst4|registers[6][7]   ; Lost fanout                                 ;
; register_block:inst4|registers[7][7]   ; Lost fanout                                 ;
; register_block:inst4|registers[4][8]   ; Lost fanout                                 ;
; register_block:inst4|registers[5][8]   ; Lost fanout                                 ;
; register_block:inst4|registers[6][8]   ; Lost fanout                                 ;
; register_block:inst4|registers[7][8]   ; Lost fanout                                 ;
; register_block:inst4|registers[4][9]   ; Lost fanout                                 ;
; register_block:inst4|registers[5][9]   ; Lost fanout                                 ;
; register_block:inst4|registers[6][9]   ; Lost fanout                                 ;
; register_block:inst4|registers[7][9]   ; Lost fanout                                 ;
; register_block:inst4|registers[4][10]  ; Lost fanout                                 ;
; register_block:inst4|registers[5][10]  ; Lost fanout                                 ;
; register_block:inst4|registers[6][10]  ; Lost fanout                                 ;
; register_block:inst4|registers[7][10]  ; Lost fanout                                 ;
; register_block:inst4|registers[4][11]  ; Lost fanout                                 ;
; register_block:inst4|registers[5][11]  ; Lost fanout                                 ;
; register_block:inst4|registers[6][11]  ; Lost fanout                                 ;
; register_block:inst4|registers[7][11]  ; Lost fanout                                 ;
; register_block:inst4|registers[4][12]  ; Lost fanout                                 ;
; register_block:inst4|registers[5][12]  ; Lost fanout                                 ;
; register_block:inst4|registers[6][12]  ; Lost fanout                                 ;
; register_block:inst4|registers[7][12]  ; Lost fanout                                 ;
; register_block:inst4|registers[4][13]  ; Lost fanout                                 ;
; register_block:inst4|registers[5][13]  ; Lost fanout                                 ;
; register_block:inst4|registers[6][13]  ; Lost fanout                                 ;
; register_block:inst4|registers[7][13]  ; Lost fanout                                 ;
; register_block:inst4|registers[4][14]  ; Lost fanout                                 ;
; register_block:inst4|registers[5][14]  ; Lost fanout                                 ;
; register_block:inst4|registers[6][14]  ; Lost fanout                                 ;
; register_block:inst4|registers[7][14]  ; Lost fanout                                 ;
; register_block:inst4|registers[0][15]  ; Stuck at GND due to stuck port clock_enable ;
; register_block:inst4|registers[0][0]   ; Stuck at GND due to stuck port clock_enable ;
; register_block:inst4|registers[0][1]   ; Stuck at GND due to stuck port clock_enable ;
; register_block:inst4|registers[0][2]   ; Stuck at GND due to stuck port clock_enable ;
; register_block:inst4|registers[0][3]   ; Stuck at GND due to stuck port clock_enable ;
; register_block:inst4|registers[0][4]   ; Stuck at GND due to stuck port clock_enable ;
; register_block:inst4|registers[0][5]   ; Stuck at GND due to stuck port clock_enable ;
; register_block:inst4|registers[0][6]   ; Stuck at GND due to stuck port clock_enable ;
; register_block:inst4|registers[0][7]   ; Stuck at GND due to stuck port clock_enable ;
; register_block:inst4|registers[0][8]   ; Stuck at GND due to stuck port clock_enable ;
; register_block:inst4|registers[0][9]   ; Stuck at GND due to stuck port clock_enable ;
; register_block:inst4|registers[0][10]  ; Stuck at GND due to stuck port clock_enable ;
; register_block:inst4|registers[0][11]  ; Stuck at GND due to stuck port clock_enable ;
; register_block:inst4|registers[0][12]  ; Stuck at GND due to stuck port clock_enable ;
; register_block:inst4|registers[0][13]  ; Stuck at GND due to stuck port clock_enable ;
; register_block:inst4|registers[0][14]  ; Stuck at GND due to stuck port clock_enable ;
; Total Number of Removed Registers = 80 ;                                             ;
+----------------------------------------+---------------------------------------------+


+------------------------------------------------------+
; General Register Statistics                          ;
+----------------------------------------------+-------+
; Statistic                                    ; Value ;
+----------------------------------------------+-------+
; Total registers                              ; 4160  ;
; Number of registers using Synchronous Clear  ; 0     ;
; Number of registers using Synchronous Load   ; 0     ;
; Number of registers using Asynchronous Clear ; 64    ;
; Number of registers using Asynchronous Load  ; 0     ;
; Number of registers using Clock Enable       ; 4144  ;
; Number of registers using Preset             ; 0     ;
+----------------------------------------------+-------+


+----------------------------------------------------------------------------------------------------------------------------------------------------------------+
; Multiplexer Restructuring Statistics (Restructuring Performed)                                                                                                 ;
+--------------------+-----------+---------------+----------------------+------------------------+------------+--------------------------------------------------+
; Multiplexer Inputs ; Bus Width ; Baseline Area ; Area if Restructured ; Saving if Restructured ; Registered ; Example Multiplexer Output                       ;
+--------------------+-----------+---------------+----------------------+------------------------+------------+--------------------------------------------------+
; 5:1                ; 16 bits   ; 48 LEs        ; 0 LEs                ; 48 LEs                 ; No         ; |singleCycle|alu:inst7|Add0                      ;
; 5:1                ; 16 bits   ; 48 LEs        ; 16 LEs               ; 32 LEs                 ; No         ; |singleCycle|alu:inst7|Add0                      ;
; 8:1                ; 15 bits   ; 75 LEs        ; 30 LEs               ; 45 LEs                 ; No         ; |singleCycle|alu:inst7|Mux2                      ;
; 5:1                ; 16 bits   ; 48 LEs        ; 48 LEs               ; 0 LEs                  ; No         ; |singleCycle|register_block:inst4|read_data2[15] ;
+--------------------+-----------+---------------+----------------------+------------------------+------------+--------------------------------------------------+


+-------------------------------+
; Elapsed Time Per Partition    ;
+----------------+--------------+
; Partition Name ; Elapsed Time ;
+----------------+--------------+
; Top            ; 00:00:06     ;
+----------------+--------------+


+-------------------------------+
; Analysis & Synthesis Messages ;
+-------------------------------+
Info: *******************************************************************
Info: Running Quartus II 64-Bit Analysis & Synthesis
    Info: Version 13.1.0 Build 162 10/23/2013 SJ Web Edition
    Info: Processing started: Wed Dec 24 19:12:18 2025
Info: Command: quartus_map --read_settings_files=on --write_settings_files=off singleCycle -c singleCycle
Warning (20028): Parallel compilation is not licensed and has been disabled
Info (12021): Found 1 design units, including 1 entities, in source file alu.v
    Info (12023): Found entity 1: alu
Info (12021): Found 1 design units, including 1 entities, in source file singlecycle.bdf
    Info (12023): Found entity 1: singleCycle
Info (12021): Found 1 design units, including 1 entities, in source file alu_control.v
    Info (12023): Found entity 1: alu_control
Info (12021): Found 1 design units, including 1 entities, in source file register_block.v
    Info (12023): Found entity 1: register_block
Info (12021): Found 1 design units, including 1 entities, in source file instruction_memory.v
    Info (12023): Found entity 1: instruction_memory
Info (12021): Found 1 design units, including 1 entities, in source file data_memory.v
    Info (12023): Found entity 1: data_memory
Info (12021): Found 1 design units, including 1 entities, in source file control_unit.v
    Info (12023): Found entity 1: control_unit
Info (12021): Found 1 design units, including 1 entities, in source file program_counter.v
    Info (12023): Found entity 1: program_counter
Info (12021): Found 1 design units, including 1 entities, in source file sign_extend.v
    Info (12023): Found entity 1: sign_extend
Info (12021): Found 1 design units, including 1 entities, in source file adder.v
    Info (12023): Found entity 1: adder
Info (12021): Found 1 design units, including 1 entities, in source file mux16.v
    Info (12023): Found entity 1: mux16
Info (12021): Found 1 design units, including 1 entities, in source file mux3.v
    Info (12023): Found entity 1: mux3
Info (12021): Found 1 design units, including 1 entities, in source file tb_processor.v
    Info (12023): Found entity 1: tb_processor
Info (12127): Elaborating entity "singleCycle" for the top level hierarchy
Info (12128): Elaborating entity "alu" for hierarchy "alu:inst7"
Info (12128): Elaborating entity "register_block" for hierarchy "register_block:inst4"
Warning (10240): Verilog HDL Always Construct warning at register_block.v(25): inferring latch(es) for variable "i", which holds its previous value in one or more paths through the always construct
Info (12128): Elaborating entity "control_unit" for hierarchy "control_unit:control_unit"
Info (12128): Elaborating entity "instruction_memory" for hierarchy "instruction_memory:inst2"
Warning (10030): Net "rom.data_a" at instruction_memory.v(5) has no driver or initial value, using a default initial value '0'
Warning (10030): Net "rom.waddr_a" at instruction_memory.v(5) has no driver or initial value, using a default initial value '0'
Warning (10030): Net "rom.we_a" at instruction_memory.v(5) has no driver or initial value, using a default initial value '0'
Info (12128): Elaborating entity "program_counter" for hierarchy "program_counter:program_counter_block"
Info (12128): Elaborating entity "adder" for hierarchy "adder:adder"
Info (12128): Elaborating entity "mux16" for hierarchy "mux16:inst11"
Info (12128): Elaborating entity "data_memory" for hierarchy "data_memory:inst9"
Warning (10230): Verilog HDL assignment warning at data_memory.v(21): truncated value with size 32 to match size of target (16)
Info (12128): Elaborating entity "mux3" for hierarchy "mux3:inst6"
Info (12128): Elaborating entity "alu_control" for hierarchy "alu_control:inst8"
Info (12128): Elaborating entity "sign_extend" for hierarchy "sign_extend:inst5"
Info (276014): Found 1 instances of uninferred RAM logic
    Info (276007): RAM logic "data_memory:inst9|ram" is uninferred due to asynchronous read logic
Warning (13024): Output pins are stuck at VCC or GND
    Warning (13410): Pin "test_inst[14]" is stuck at GND
    Warning (13410): Pin "test_inst[12]" is stuck at GND
    Warning (13410): Pin "test_inst[11]" is stuck at GND
    Warning (13410): Pin "test_inst[10]" is stuck at GND
    Warning (13410): Pin "test_inst[8]" is stuck at GND
    Warning (13410): Pin "test_inst[5]" is stuck at GND
    Warning (13410): Pin "test_inst[4]" is stuck at GND
    Warning (13410): Pin "test_inst[3]" is stuck at GND
Info (286030): Timing-Driven Synthesis is running
Info (17049): 64 registers lost all their fanouts during netlist optimizations.
Info (16010): Generating hard_block partition "hard_block:auto_generated_inst"
    Info (16011): Adding 0 node(s), including 0 DDIO, 0 PLL, 0 transceiver and 0 LCELL
Info (21057): Implemented 7385 device resources after synthesis - the final resource count might be different
    Info (21058): Implemented 2 input pins
    Info (21059): Implemented 48 output pins
    Info (21061): Implemented 7335 logic cells
Info: Quartus II 64-Bit Analysis & Synthesis was successful. 0 errors, 15 warnings
    Info: Peak virtual memory: 4665 megabytes
    Info: Processing ended: Wed Dec 24 19:12:25 2025
    Info: Elapsed time: 00:00:07
    Info: Total CPU time (on all processors): 00:00:05


